# JRE version: OpenJDK Runtime Environment (21.0.1+12) (build 21.0.1+12-29)
# Java VM: OpenJDK 64-Bit Server VM (21.0.1+12-29, mixed mode, sharing, tiered, compressed oops, compressed class ptrs, g1 gc, windows-amd64)
GC Precious Log:
 CardTable entry size: 512
 Card Set container configuration: InlinePtr #cards 4 size 8 Array Of Cards #cards 16 size 48 Howl #buckets 8 coarsen threshold 3686 Howl Bitmap #cards 512 size 80 coarsen threshold 460 Card regions per heap region 1 cards per card region 4096
 CPUs: 8 total, 8 available
 Memory: 16065M
 Large Page Support: Disabled
 NUMA Support: Disabled
 Compressed Oops: Enabled (Zero based)
 Heap Region Size: 2M
 Heap Min Capacity: 8M
 Heap Initial Capacity: 252M
 Heap Max Capacity: 4018M
 Pre-touch: Disabled
 Parallel Workers: 8
 Concurrent Workers: 2
 Concurrent Refinement Workers: 8
 Periodic GC: Disabled
Heap:
 garbage-first heap   total 258048K, used 25056K [0x0000000704e00000, 0x0000000800000000)
  region size 2048K, 7 young (14336K), 1 survivors (2048K)
 Metaspace       used 6220K, committed 6464K, reserved 1114112K
  class space    used 376K, committed 512K, reserved 1048576K
GC Heap History (20 events):
Event: 18.360 GC heap before
{Heap before GC invocations=15 (full 0):
 garbage-first heap   total 258048K, used 164140K [0x0000000704e00000, 0x0000000800000000)
  region size 2048K, 75 young (153600K), 2 survivors (4096K)
 Metaspace       used 6134K, committed 6400K, reserved 1114112K
  class space    used 364K, committed 512K, reserved 1048576K
}
Event: 18.362 GC heap after
{Heap after GC invocations=16 (full 0):
 garbage-first heap   total 258048K, used 14733K [0x0000000704e00000, 0x0000000800000000)
  region size 2048K, 2 young (4096K), 2 survivors (4096K)
 Metaspace       used 6134K, committed 6400K, reserved 1114112K
  class space    used 364K, committed 512K, reserved 1048576K
}
Event: 19.580 GC heap before
{Heap before GC invocations=16 (full 0):
 garbage-first heap   total 258048K, used 164237K [0x0000000704e00000, 0x0000000800000000)
  region size 2048K, 75 young (153600K), 2 survivors (4096K)
 Metaspace       used 6134K, committed 6400K, reserved 1114112K
  class space    used 364K, committed 512K, reserved 1048576K
}
Event: 19.583 GC heap after
{Heap after GC invocations=17 (full 0):
 garbage-first heap   total 258048K, used 15083K [0x0000000704e00000, 0x0000000800000000)
  region size 2048K, 1 young (2048K), 1 survivors (2048K)
 Metaspace       used 6134K, committed 6400K, reserved 1114112K
  class space    used 364K, committed 512K, reserved 1048576K
}
Event: 20.857 GC heap before
{Heap before GC invocations=17 (full 0):
 garbage-first heap   total 258048K, used 166635K [0x0000000704e00000, 0x0000000800000000)
  region size 2048K, 75 young (153600K), 1 survivors (2048K)
 Metaspace       used 6134K, committed 6400K, reserved 1114112K
  class space    used 364K, committed 512K, reserved 1048576K
}
Event: 20.857 GC heap after
{Heap after GC invocations=18 (full 0):
 garbage-first heap   total 258048K, used 14932K [0x0000000704e00000, 0x0000000800000000)
  region size 2048K, 1 young (2048K), 1 survivors (2048K)
 Metaspace       used 6134K, committed 6400K, reserved 1114112K
  class space    used 364K, committed 512K, reserved 1048576K
}
Event: 22.133 GC heap before
{Heap before GC invocations=18 (full 0):
 garbage-first heap   total 258048K, used 166484K [0x0000000704e00000, 0x0000000800000000)
  region size 2048K, 75 young (153600K), 1 survivors (2048K)
 Metaspace       used 6134K, committed 6400K, reserved 1114112K
  class space    used 364K, committed 512K, reserved 1048576K
}
Event: 22.133 GC heap after
{Heap after GC invocations=19 (full 0):
 garbage-first heap   total 258048K, used 14823K [0x0000000704e00000, 0x0000000800000000)
  region size 2048K, 1 young (2048K), 1 survivors (2048K)
 Metaspace       used 6134K, committed 6400K, reserved 1114112K
  class space    used 364K, committed 512K, reserved 1048576K
}
Event: 23.464 GC heap before
{Heap before GC invocations=19 (full 0):
 garbage-first heap   total 258048K, used 166375K [0x0000000704e00000, 0x0000000800000000)
  region size 2048K, 75 young (153600K), 1 survivors (2048K)
 Metaspace       used 6134K, committed 6400K, reserved 1114112K
  class space    used 364K, committed 512K, reserved 1048576K
}
Event: 23.466 GC heap after
{Heap after GC invocations=20 (full 0):
 garbage-first heap   total 258048K, used 14815K [0x0000000704e00000, 0x0000000800000000)
  region size 2048K, 1 young (2048K), 1 survivors (2048K)
 Metaspace       used 6134K, committed 6400K, reserved 1114112K
  class space    used 364K, committed 512K, reserved 1048576K
}
Event: 24.740 GC heap before
{Heap before GC invocations=20 (full 0):
 garbage-first heap   total 258048K, used 166367K [0x0000000704e00000, 0x0000000800000000)
  region size 2048K, 75 young (153600K), 1 survivors (2048K)
 Metaspace       used 6134K, committed 6400K, reserved 1114112K
  class space    used 364K, committed 512K, reserved 1048576K
}
Event: 24.741 GC heap after
{Heap after GC invocations=21 (full 0):
 garbage-first heap   total 258048K, used 14818K [0x0000000704e00000, 0x0000000800000000)
  region size 2048K, 1 young (2048K), 1 survivors (2048K)
 Metaspace       used 6134K, committed 6400K, reserved 1114112K
  class space    used 364K, committed 512K, reserved 1048576K
}
Event: 25.972 GC heap before
{Heap before GC invocations=21 (full 0):
 garbage-first heap   total 258048K, used 166370K [0x0000000704e00000, 0x0000000800000000)
  region size 2048K, 75 young (153600K), 1 survivors (2048K)
 Metaspace       used 6134K, committed 6400K, reserved 1114112K
  class space    used 364K, committed 512K, reserved 1048576K
}
Event: 25.973 GC heap after
{Heap after GC invocations=22 (full 0):
 garbage-first heap   total 258048K, used 14820K [0x0000000704e00000, 0x0000000800000000)
  region size 2048K, 1 young (2048K), 1 survivors (2048K)
 Metaspace       used 6134K, committed 6400K, reserved 1114112K
  class space    used 364K, committed 512K, reserved 1048576K
}
Event: 27.206 GC heap before
{Heap before GC invocations=22 (full 0):
 garbage-first heap   total 258048K, used 166372K [0x0000000704e00000, 0x0000000800000000)
  region size 2048K, 75 young (153600K), 1 survivors (2048K)
 Metaspace       used 6134K, committed 6400K, reserved 1114112K
  class space    used 364K, committed 512K, reserved 1048576K
}
Event: 27.208 GC heap after
{Heap after GC invocations=23 (full 0):
 garbage-first heap   total 258048K, used 14816K [0x0000000704e00000, 0x0000000800000000)
  region size 2048K, 1 young (2048K), 1 survivors (2048K)
 Metaspace       used 6134K, committed 6400K, reserved 1114112K
  class space    used 364K, committed 512K, reserved 1048576K
}
Event: 28.446 GC heap before
{Heap before GC invocations=23 (full 0):
 garbage-first heap   total 258048K, used 166368K [0x0000000704e00000, 0x0000000800000000)
  region size 2048K, 75 young (153600K), 1 survivors (2048K)
 Metaspace       used 6134K, committed 6400K, reserved 1114112K
  class space    used 364K, committed 512K, reserved 1048576K
}
Event: 28.447 GC heap after
{Heap after GC invocations=24 (full 0):
 garbage-first heap   total 258048K, used 14816K [0x0000000704e00000, 0x0000000800000000)
  region size 2048K, 1 young (2048K), 1 survivors (2048K)
 Metaspace       used 6134K, committed 6400K, reserved 1114112K
  class space    used 364K, committed 512K, reserved 1048576K
}
Event: 29.692 GC heap before
{Heap before GC invocations=24 (full 0):
 garbage-first heap   total 258048K, used 166368K [0x0000000704e00000, 0x0000000800000000)
  region size 2048K, 75 young (153600K), 1 survivors (2048K)
 Metaspace       used 6134K, committed 6400K, reserved 1114112K
  class space    used 364K, committed 512K, reserved 1048576K
}
Event: 29.694 GC heap after
{Heap after GC invocations=25 (full 0):
 garbage-first heap   total 258048K, used 14816K [0x0000000704e00000, 0x0000000800000000)
  region size 2048K, 1 young (2048K), 1 survivors (2048K)
 Metaspace       used 6134K, committed 6400K, reserved 1114112K
  class space    used 364K, committed 512K, reserved 1048576K
}

