# JRE version: OpenJDK Runtime Environment (21.0.1+12) (build 21.0.1+12-29)
# Java VM: OpenJDK 64-Bit Server VM (21.0.1+12-29, mixed mode, sharing, tiered, compressed oops, compressed class ptrs, g1 gc, windows-amd64)
GC Precious Log:
 CardTable entry size: 512
 Card Set container configuration: InlinePtr #cards 4 size 8 Array Of Cards #cards 16 size 48 Howl #buckets 8 coarsen threshold 3686 Howl Bitmap #cards 512 size 80 coarsen threshold 460 Card regions per heap region 1 cards per card region 4096
 CPUs: 8 total, 8 available
 Memory: 16065M
 Large Page Support: Disabled
 NUMA Support: Disabled
 Compressed Oops: Enabled (Zero based)
 Heap Region Size: 2M
 Heap Min Capacity: 8M
 Heap Initial Capacity: 252M
 Heap Max Capacity: 4018M
 Pre-touch: Disabled
 Parallel Workers: 8
 Concurrent Workers: 2
 Concurrent Refinement Workers: 8
 Periodic GC: Disabled
Heap:
 garbage-first heap   total 258048K, used 130430K [0x0000000704e00000, 0x0000000800000000)
  region size 2048K, 51 young (104448K), 5 survivors (10240K)
 Metaspace       used 6211K, committed 6464K, reserved 1114112K
  class space    used 376K, committed 512K, reserved 1048576K
GC Heap History (20 events):
Event: 4.299 GC heap before
{Heap before GC invocations=5 (full 0):
 garbage-first heap   total 258048K, used 181657K [0x0000000704e00000, 0x0000000800000000)
  region size 2048K, 75 young (153600K), 5 survivors (10240K)
 Metaspace       used 6120K, committed 6400K, reserved 1114112K
  class space    used 364K, committed 512K, reserved 1048576K
}
Event: 4.306 GC heap after
{Heap after GC invocations=6 (full 0):
 garbage-first heap   total 258048K, used 37994K [0x0000000704e00000, 0x0000000800000000)
  region size 2048K, 5 young (10240K), 5 survivors (10240K)
 Metaspace       used 6120K, committed 6400K, reserved 1114112K
  class space    used 364K, committed 512K, reserved 1048576K
}
Event: 5.122 GC heap before
{Heap before GC invocations=6 (full 0):
 garbage-first heap   total 258048K, used 181354K [0x0000000704e00000, 0x0000000800000000)
  region size 2048K, 75 young (153600K), 5 survivors (10240K)
 Metaspace       used 6120K, committed 6400K, reserved 1114112K
  class space    used 364K, committed 512K, reserved 1048576K
}
Event: 5.129 GC heap after
{Heap after GC invocations=7 (full 0):
 garbage-first heap   total 258048K, used 37708K [0x0000000704e00000, 0x0000000800000000)
  region size 2048K, 5 young (10240K), 5 survivors (10240K)
 Metaspace       used 6120K, committed 6400K, reserved 1114112K
  class space    used 364K, committed 512K, reserved 1048576K
}
Event: 5.976 GC heap before
{Heap before GC invocations=7 (full 0):
 garbage-first heap   total 258048K, used 181068K [0x0000000704e00000, 0x0000000800000000)
  region size 2048K, 75 young (153600K), 5 survivors (10240K)
 Metaspace       used 6120K, committed 6400K, reserved 1114112K
  class space    used 364K, committed 512K, reserved 1048576K
}
Event: 5.981 GC heap after
{Heap after GC invocations=8 (full 0):
 garbage-first heap   total 258048K, used 38270K [0x0000000704e00000, 0x0000000800000000)
  region size 2048K, 5 young (10240K), 5 survivors (10240K)
 Metaspace       used 6120K, committed 6400K, reserved 1114112K
  class space    used 364K, committed 512K, reserved 1048576K
}
Event: 6.788 GC heap before
{Heap before GC invocations=8 (full 0):
 garbage-first heap   total 258048K, used 181630K [0x0000000704e00000, 0x0000000800000000)
  region size 2048K, 75 young (153600K), 5 survivors (10240K)
 Metaspace       used 6120K, committed 6400K, reserved 1114112K
  class space    used 364K, committed 512K, reserved 1048576K
}
Event: 6.795 GC heap after
{Heap after GC invocations=9 (full 0):
 garbage-first heap   total 258048K, used 38270K [0x0000000704e00000, 0x0000000800000000)
  region size 2048K, 5 young (10240K), 5 survivors (10240K)
 Metaspace       used 6120K, committed 6400K, reserved 1114112K
  class space    used 364K, committed 512K, reserved 1048576K
}
Event: 7.704 GC heap before
{Heap before GC invocations=9 (full 0):
 garbage-first heap   total 258048K, used 181630K [0x0000000704e00000, 0x0000000800000000)
  region size 2048K, 75 young (153600K), 5 survivors (10240K)
 Metaspace       used 6120K, committed 6400K, reserved 1114112K
  class space    used 364K, committed 512K, reserved 1048576K
}
Event: 7.710 GC heap after
{Heap after GC invocations=10 (full 0):
 garbage-first heap   total 258048K, used 38551K [0x0000000704e00000, 0x0000000800000000)
  region size 2048K, 5 young (10240K), 5 survivors (10240K)
 Metaspace       used 6120K, committed 6400K, reserved 1114112K
  class space    used 364K, committed 512K, reserved 1048576K
}
Event: 8.584 GC heap before
{Heap before GC invocations=10 (full 0):
 garbage-first heap   total 258048K, used 181911K [0x0000000704e00000, 0x0000000800000000)
  region size 2048K, 75 young (153600K), 5 survivors (10240K)
 Metaspace       used 6120K, committed 6400K, reserved 1114112K
  class space    used 364K, committed 512K, reserved 1048576K
}
Event: 8.591 GC heap after
{Heap after GC invocations=11 (full 0):
 garbage-first heap   total 258048K, used 38270K [0x0000000704e00000, 0x0000000800000000)
  region size 2048K, 5 young (10240K), 5 survivors (10240K)
 Metaspace       used 6120K, committed 6400K, reserved 1114112K
  class space    used 364K, committed 512K, reserved 1048576K
}
Event: 9.330 GC heap before
{Heap before GC invocations=11 (full 0):
 garbage-first heap   total 258048K, used 181630K [0x0000000704e00000, 0x0000000800000000)
  region size 2048K, 75 young (153600K), 5 survivors (10240K)
 Metaspace       used 6120K, committed 6400K, reserved 1114112K
  class space    used 364K, committed 512K, reserved 1048576K
}
Event: 9.335 GC heap after
{Heap after GC invocations=12 (full 0):
 garbage-first heap   total 258048K, used 38270K [0x0000000704e00000, 0x0000000800000000)
  region size 2048K, 5 young (10240K), 5 survivors (10240K)
 Metaspace       used 6120K, committed 6400K, reserved 1114112K
  class space    used 364K, committed 512K, reserved 1048576K
}
Event: 10.239 GC heap before
{Heap before GC invocations=12 (full 0):
 garbage-first heap   total 258048K, used 181630K [0x0000000704e00000, 0x0000000800000000)
  region size 2048K, 75 young (153600K), 5 survivors (10240K)
 Metaspace       used 6125K, committed 6400K, reserved 1114112K
  class space    used 364K, committed 512K, reserved 1048576K
}
Event: 10.246 GC heap after
{Heap after GC invocations=13 (full 0):
 garbage-first heap   total 258048K, used 38270K [0x0000000704e00000, 0x0000000800000000)
  region size 2048K, 5 young (10240K), 5 survivors (10240K)
 Metaspace       used 6125K, committed 6400K, reserved 1114112K
  class space    used 364K, committed 512K, reserved 1048576K
}
Event: 11.200 GC heap before
{Heap before GC invocations=13 (full 0):
 garbage-first heap   total 258048K, used 181630K [0x0000000704e00000, 0x0000000800000000)
  region size 2048K, 75 young (153600K), 5 survivors (10240K)
 Metaspace       used 6125K, committed 6400K, reserved 1114112K
  class space    used 364K, committed 512K, reserved 1048576K
}
Event: 11.205 GC heap after
{Heap after GC invocations=14 (full 0):
 garbage-first heap   total 258048K, used 38270K [0x0000000704e00000, 0x0000000800000000)
  region size 2048K, 5 young (10240K), 5 survivors (10240K)
 Metaspace       used 6125K, committed 6400K, reserved 1114112K
  class space    used 364K, committed 512K, reserved 1048576K
}
Event: 12.019 GC heap before
{Heap before GC invocations=14 (full 0):
 garbage-first heap   total 258048K, used 181630K [0x0000000704e00000, 0x0000000800000000)
  region size 2048K, 75 young (153600K), 5 survivors (10240K)
 Metaspace       used 6125K, committed 6400K, reserved 1114112K
  class space    used 364K, committed 512K, reserved 1048576K
}
Event: 12.025 GC heap after
{Heap after GC invocations=15 (full 0):
 garbage-first heap   total 258048K, used 38270K [0x0000000704e00000, 0x0000000800000000)
  region size 2048K, 5 young (10240K), 5 survivors (10240K)
 Metaspace       used 6125K, committed 6400K, reserved 1114112K
  class space    used 364K, committed 512K, reserved 1048576K
}

