# JRE version: OpenJDK Runtime Environment (21.0.1+12) (build 21.0.1+12-29)
# Java VM: OpenJDK 64-Bit Server VM (21.0.1+12-29, mixed mode, sharing, tiered, compressed oops, compressed class ptrs, g1 gc, windows-amd64)
GC Precious Log:
 CardTable entry size: 512
 Card Set container configuration: InlinePtr #cards 4 size 8 Array Of Cards #cards 16 size 48 Howl #buckets 8 coarsen threshold 3686 Howl Bitmap #cards 512 size 80 coarsen threshold 460 Card regions per heap region 1 cards per card region 4096
 CPUs: 8 total, 8 available
 Memory: 16065M
 Large Page Support: Disabled
 NUMA Support: Disabled
 Compressed Oops: Enabled (Zero based)
 Heap Region Size: 2M
 Heap Min Capacity: 8M
 Heap Initial Capacity: 252M
 Heap Max Capacity: 4018M
 Pre-touch: Disabled
 Parallel Workers: 8
 Concurrent Workers: 2
 Concurrent Refinement Workers: 8
 Periodic GC: Disabled
Heap:
 garbage-first heap   total 258048K, used 160612K [0x0000000704e00000, 0x0000000800000000)
  region size 2048K, 62 young (126976K), 1 survivors (2048K)
 Metaspace       used 6209K, committed 6464K, reserved 1114112K
  class space    used 376K, committed 512K, reserved 1048576K
GC Heap History (20 events):
Event: 94.757 GC heap before
{Heap before GC invocations=110 (full 0):
 garbage-first heap   total 258048K, used 189284K [0x0000000704e00000, 0x0000000800000000)
  region size 2048K, 75 young (153600K), 1 survivors (2048K)
 Metaspace       used 6124K, committed 6400K, reserved 1114112K
  class space    used 364K, committed 512K, reserved 1048576K
}
Event: 94.758 GC heap after
{Heap after GC invocations=111 (full 0):
 garbage-first heap   total 258048K, used 37734K [0x0000000704e00000, 0x0000000800000000)
  region size 2048K, 1 young (2048K), 1 survivors (2048K)
 Metaspace       used 6124K, committed 6400K, reserved 1114112K
  class space    used 364K, committed 512K, reserved 1048576K
}
Event: 95.695 GC heap before
{Heap before GC invocations=111 (full 0):
 garbage-first heap   total 258048K, used 189286K [0x0000000704e00000, 0x0000000800000000)
  region size 2048K, 75 young (153600K), 1 survivors (2048K)
 Metaspace       used 6124K, committed 6400K, reserved 1114112K
  class space    used 364K, committed 512K, reserved 1048576K
}
Event: 95.696 GC heap after
{Heap after GC invocations=112 (full 0):
 garbage-first heap   total 258048K, used 37732K [0x0000000704e00000, 0x0000000800000000)
  region size 2048K, 1 young (2048K), 1 survivors (2048K)
 Metaspace       used 6124K, committed 6400K, reserved 1114112K
  class space    used 364K, committed 512K, reserved 1048576K
}
Event: 96.649 GC heap before
{Heap before GC invocations=112 (full 0):
 garbage-first heap   total 258048K, used 189284K [0x0000000704e00000, 0x0000000800000000)
  region size 2048K, 75 young (153600K), 1 survivors (2048K)
 Metaspace       used 6124K, committed 6400K, reserved 1114112K
  class space    used 364K, committed 512K, reserved 1048576K
}
Event: 96.651 GC heap after
{Heap after GC invocations=113 (full 0):
 garbage-first heap   total 258048K, used 37727K [0x0000000704e00000, 0x0000000800000000)
  region size 2048K, 1 young (2048K), 1 survivors (2048K)
 Metaspace       used 6124K, committed 6400K, reserved 1114112K
  class space    used 364K, committed 512K, reserved 1048576K
}
Event: 97.635 GC heap before
{Heap before GC invocations=113 (full 0):
 garbage-first heap   total 258048K, used 189279K [0x0000000704e00000, 0x0000000800000000)
  region size 2048K, 75 young (153600K), 1 survivors (2048K)
 Metaspace       used 6124K, committed 6400K, reserved 1114112K
  class space    used 364K, committed 512K, reserved 1048576K
}
Event: 97.637 GC heap after
{Heap after GC invocations=114 (full 0):
 garbage-first heap   total 258048K, used 37734K [0x0000000704e00000, 0x0000000800000000)
  region size 2048K, 1 young (2048K), 1 survivors (2048K)
 Metaspace       used 6124K, committed 6400K, reserved 1114112K
  class space    used 364K, committed 512K, reserved 1048576K
}
Event: 98.562 GC heap before
{Heap before GC invocations=114 (full 0):
 garbage-first heap   total 258048K, used 189286K [0x0000000704e00000, 0x0000000800000000)
  region size 2048K, 75 young (153600K), 1 survivors (2048K)
 Metaspace       used 6124K, committed 6400K, reserved 1114112K
  class space    used 364K, committed 512K, reserved 1048576K
}
Event: 98.563 GC heap after
{Heap after GC invocations=115 (full 0):
 garbage-first heap   total 258048K, used 37732K [0x0000000704e00000, 0x0000000800000000)
  region size 2048K, 1 young (2048K), 1 survivors (2048K)
 Metaspace       used 6124K, committed 6400K, reserved 1114112K
  class space    used 364K, committed 512K, reserved 1048576K
}
Event: 99.577 GC heap before
{Heap before GC invocations=115 (full 0):
 garbage-first heap   total 258048K, used 189284K [0x0000000704e00000, 0x0000000800000000)
  region size 2048K, 75 young (153600K), 1 survivors (2048K)
 Metaspace       used 6124K, committed 6400K, reserved 1114112K
  class space    used 364K, committed 512K, reserved 1048576K
}
Event: 99.578 GC heap after
{Heap after GC invocations=116 (full 0):
 garbage-first heap   total 258048K, used 37729K [0x0000000704e00000, 0x0000000800000000)
  region size 2048K, 1 young (2048K), 1 survivors (2048K)
 Metaspace       used 6124K, committed 6400K, reserved 1114112K
  class space    used 364K, committed 512K, reserved 1048576K
}
Event: 100.455 GC heap before
{Heap before GC invocations=116 (full 0):
 garbage-first heap   total 258048K, used 189281K [0x0000000704e00000, 0x0000000800000000)
  region size 2048K, 75 young (153600K), 1 survivors (2048K)
 Metaspace       used 6124K, committed 6400K, reserved 1114112K
  class space    used 364K, committed 512K, reserved 1048576K
}
Event: 100.456 GC heap after
{Heap after GC invocations=117 (full 0):
 garbage-first heap   total 258048K, used 37734K [0x0000000704e00000, 0x0000000800000000)
  region size 2048K, 1 young (2048K), 1 survivors (2048K)
 Metaspace       used 6124K, committed 6400K, reserved 1114112K
  class space    used 364K, committed 512K, reserved 1048576K
}
Event: 101.291 GC heap before
{Heap before GC invocations=117 (full 0):
 garbage-first heap   total 258048K, used 189286K [0x0000000704e00000, 0x0000000800000000)
  region size 2048K, 75 young (153600K), 1 survivors (2048K)
 Metaspace       used 6124K, committed 6400K, reserved 1114112K
  class space    used 364K, committed 512K, reserved 1048576K
}
Event: 101.292 GC heap after
{Heap after GC invocations=118 (full 0):
 garbage-first heap   total 258048K, used 37732K [0x0000000704e00000, 0x0000000800000000)
  region size 2048K, 1 young (2048K), 1 survivors (2048K)
 Metaspace       used 6124K, committed 6400K, reserved 1114112K
  class space    used 364K, committed 512K, reserved 1048576K
}
Event: 102.297 GC heap before
{Heap before GC invocations=118 (full 0):
 garbage-first heap   total 258048K, used 189284K [0x0000000704e00000, 0x0000000800000000)
  region size 2048K, 75 young (153600K), 1 survivors (2048K)
 Metaspace       used 6124K, committed 6400K, reserved 1114112K
  class space    used 364K, committed 512K, reserved 1048576K
}
Event: 102.299 GC heap after
{Heap after GC invocations=119 (full 0):
 garbage-first heap   total 258048K, used 37729K [0x0000000704e00000, 0x0000000800000000)
  region size 2048K, 1 young (2048K), 1 survivors (2048K)
 Metaspace       used 6124K, committed 6400K, reserved 1114112K
  class space    used 364K, committed 512K, reserved 1048576K
}
Event: 103.207 GC heap before
{Heap before GC invocations=119 (full 0):
 garbage-first heap   total 258048K, used 189281K [0x0000000704e00000, 0x0000000800000000)
  region size 2048K, 75 young (153600K), 1 survivors (2048K)
 Metaspace       used 6124K, committed 6400K, reserved 1114112K
  class space    used 364K, committed 512K, reserved 1048576K
}
Event: 103.208 GC heap after
{Heap after GC invocations=120 (full 0):
 garbage-first heap   total 258048K, used 37732K [0x0000000704e00000, 0x0000000800000000)
  region size 2048K, 1 young (2048K), 1 survivors (2048K)
 Metaspace       used 6124K, committed 6400K, reserved 1114112K
  class space    used 364K, committed 512K, reserved 1048576K
}

