# JRE version: OpenJDK Runtime Environment (21.0.1+12) (build 21.0.1+12-29)
# Java VM: OpenJDK 64-Bit Server VM (21.0.1+12-29, mixed mode, sharing, tiered, compressed oops, compressed class ptrs, g1 gc, windows-amd64)
GC Precious Log:
 CardTable entry size: 512
 Card Set container configuration: InlinePtr #cards 4 size 8 Array Of Cards #cards 16 size 48 Howl #buckets 8 coarsen threshold 3686 Howl Bitmap #cards 512 size 80 coarsen threshold 460 Card regions per heap region 1 cards per card region 4096
 CPUs: 8 total, 8 available
 Memory: 16065M
 Large Page Support: Disabled
 NUMA Support: Disabled
 Compressed Oops: Enabled (Zero based)
 Heap Region Size: 2M
 Heap Min Capacity: 8M
 Heap Initial Capacity: 252M
 Heap Max Capacity: 4018M
 Pre-touch: Disabled
 Parallel Workers: 8
 Concurrent Workers: 2
 Concurrent Refinement Workers: 8
 Periodic GC: Disabled
Heap:
 garbage-first heap   total 258048K, used 118378K [0x0000000704e00000, 0x0000000800000000)
  region size 2048K, 53 young (108544K), 1 survivors (2048K)
 Metaspace       used 6217K, committed 6464K, reserved 1114112K
  class space    used 376K, committed 512K, reserved 1048576K
GC Heap History (20 events):
Event: 189.315 GC heap before
{Heap before GC invocations=152 (full 0):
 garbage-first heap   total 258048K, used 165478K [0x0000000704e00000, 0x0000000800000000)
  region size 2048K, 75 young (153600K), 1 survivors (2048K)
 Metaspace       used 6132K, committed 6400K, reserved 1114112K
  class space    used 364K, committed 512K, reserved 1048576K
}
Event: 189.316 GC heap after
{Heap after GC invocations=153 (full 0):
 garbage-first heap   total 258048K, used 13928K [0x0000000704e00000, 0x0000000800000000)
  region size 2048K, 1 young (2048K), 1 survivors (2048K)
 Metaspace       used 6132K, committed 6400K, reserved 1114112K
  class space    used 364K, committed 512K, reserved 1048576K
}
Event: 190.547 GC heap before
{Heap before GC invocations=153 (full 0):
 garbage-first heap   total 258048K, used 165480K [0x0000000704e00000, 0x0000000800000000)
  region size 2048K, 75 young (153600K), 1 survivors (2048K)
 Metaspace       used 6132K, committed 6400K, reserved 1114112K
  class space    used 364K, committed 512K, reserved 1048576K
}
Event: 190.548 GC heap after
{Heap after GC invocations=154 (full 0):
 garbage-first heap   total 258048K, used 13930K [0x0000000704e00000, 0x0000000800000000)
  region size 2048K, 1 young (2048K), 1 survivors (2048K)
 Metaspace       used 6132K, committed 6400K, reserved 1114112K
  class space    used 364K, committed 512K, reserved 1048576K
}
Event: 191.783 GC heap before
{Heap before GC invocations=154 (full 0):
 garbage-first heap   total 258048K, used 165482K [0x0000000704e00000, 0x0000000800000000)
  region size 2048K, 75 young (153600K), 1 survivors (2048K)
 Metaspace       used 6132K, committed 6400K, reserved 1114112K
  class space    used 364K, committed 512K, reserved 1048576K
}
Event: 191.784 GC heap after
{Heap after GC invocations=155 (full 0):
 garbage-first heap   total 258048K, used 13930K [0x0000000704e00000, 0x0000000800000000)
  region size 2048K, 1 young (2048K), 1 survivors (2048K)
 Metaspace       used 6132K, committed 6400K, reserved 1114112K
  class space    used 364K, committed 512K, reserved 1048576K
}
Event: 193.016 GC heap before
{Heap before GC invocations=155 (full 0):
 garbage-first heap   total 258048K, used 165482K [0x0000000704e00000, 0x0000000800000000)
  region size 2048K, 75 young (153600K), 1 survivors (2048K)
 Metaspace       used 6132K, committed 6400K, reserved 1114112K
  class space    used 364K, committed 512K, reserved 1048576K
}
Event: 193.017 GC heap after
{Heap after GC invocations=156 (full 0):
 garbage-first heap   total 258048K, used 13926K [0x0000000704e00000, 0x0000000800000000)
  region size 2048K, 1 young (2048K), 1 survivors (2048K)
 Metaspace       used 6132K, committed 6400K, reserved 1114112K
  class space    used 364K, committed 512K, reserved 1048576K
}
Event: 194.247 GC heap before
{Heap before GC invocations=156 (full 0):
 garbage-first heap   total 258048K, used 165478K [0x0000000704e00000, 0x0000000800000000)
  region size 2048K, 75 young (153600K), 1 survivors (2048K)
 Metaspace       used 6132K, committed 6400K, reserved 1114112K
  class space    used 364K, committed 512K, reserved 1048576K
}
Event: 194.248 GC heap after
{Heap after GC invocations=157 (full 0):
 garbage-first heap   total 258048K, used 13926K [0x0000000704e00000, 0x0000000800000000)
  region size 2048K, 1 young (2048K), 1 survivors (2048K)
 Metaspace       used 6132K, committed 6400K, reserved 1114112K
  class space    used 364K, committed 512K, reserved 1048576K
}
Event: 195.479 GC heap before
{Heap before GC invocations=157 (full 0):
 garbage-first heap   total 258048K, used 165478K [0x0000000704e00000, 0x0000000800000000)
  region size 2048K, 75 young (153600K), 1 survivors (2048K)
 Metaspace       used 6132K, committed 6400K, reserved 1114112K
  class space    used 364K, committed 512K, reserved 1048576K
}
Event: 195.481 GC heap after
{Heap after GC invocations=158 (full 0):
 garbage-first heap   total 258048K, used 13930K [0x0000000704e00000, 0x0000000800000000)
  region size 2048K, 1 young (2048K), 1 survivors (2048K)
 Metaspace       used 6132K, committed 6400K, reserved 1114112K
  class space    used 364K, committed 512K, reserved 1048576K
}
Event: 196.752 GC heap before
{Heap before GC invocations=158 (full 0):
 garbage-first heap   total 258048K, used 165482K [0x0000000704e00000, 0x0000000800000000)
  region size 2048K, 75 young (153600K), 1 survivors (2048K)
 Metaspace       used 6132K, committed 6400K, reserved 1114112K
  class space    used 364K, committed 512K, reserved 1048576K
}
Event: 196.753 GC heap after
{Heap after GC invocations=159 (full 0):
 garbage-first heap   total 258048K, used 13928K [0x0000000704e00000, 0x0000000800000000)
  region size 2048K, 1 young (2048K), 1 survivors (2048K)
 Metaspace       used 6132K, committed 6400K, reserved 1114112K
  class space    used 364K, committed 512K, reserved 1048576K
}
Event: 197.978 GC heap before
{Heap before GC invocations=159 (full 0):
 garbage-first heap   total 258048K, used 165480K [0x0000000704e00000, 0x0000000800000000)
  region size 2048K, 75 young (153600K), 1 survivors (2048K)
 Metaspace       used 6132K, committed 6400K, reserved 1114112K
  class space    used 364K, committed 512K, reserved 1048576K
}
Event: 197.980 GC heap after
{Heap after GC invocations=160 (full 0):
 garbage-first heap   total 258048K, used 13928K [0x0000000704e00000, 0x0000000800000000)
  region size 2048K, 1 young (2048K), 1 survivors (2048K)
 Metaspace       used 6132K, committed 6400K, reserved 1114112K
  class space    used 364K, committed 512K, reserved 1048576K
}
Event: 199.250 GC heap before
{Heap before GC invocations=160 (full 0):
 garbage-first heap   total 258048K, used 165480K [0x0000000704e00000, 0x0000000800000000)
  region size 2048K, 75 young (153600K), 1 survivors (2048K)
 Metaspace       used 6132K, committed 6400K, reserved 1114112K
  class space    used 364K, committed 512K, reserved 1048576K
}
Event: 199.251 GC heap after
{Heap after GC invocations=161 (full 0):
 garbage-first heap   total 258048K, used 13926K [0x0000000704e00000, 0x0000000800000000)
  region size 2048K, 1 young (2048K), 1 survivors (2048K)
 Metaspace       used 6132K, committed 6400K, reserved 1114112K
  class space    used 364K, committed 512K, reserved 1048576K
}
Event: 200.483 GC heap before
{Heap before GC invocations=161 (full 0):
 garbage-first heap   total 258048K, used 165478K [0x0000000704e00000, 0x0000000800000000)
  region size 2048K, 75 young (153600K), 1 survivors (2048K)
 Metaspace       used 6132K, committed 6400K, reserved 1114112K
  class space    used 364K, committed 512K, reserved 1048576K
}
Event: 200.484 GC heap after
{Heap after GC invocations=162 (full 0):
 garbage-first heap   total 258048K, used 13930K [0x0000000704e00000, 0x0000000800000000)
  region size 2048K, 1 young (2048K), 1 survivors (2048K)
 Metaspace       used 6132K, committed 6400K, reserved 1114112K
  class space    used 364K, committed 512K, reserved 1048576K
}

